<?xml version="1.0" encoding="UTF-8"?>
<testng-results ignored="0" total="1" passed="1" failed="0" skipped="0">
  <reporter-output>
  </reporter-output>
  <suite started-at="2023-02-17T14:38:24 IST" name="Default suite" finished-at="2023-02-17T14:38:31 IST" duration-ms="7178">
    <groups>
    </groups>
    <test started-at="2023-02-17T14:38:24 IST" name="Default test" finished-at="2023-02-17T14:38:31 IST" duration-ms="7178">
      <class name="com.ERP.QA.TESTCASES.softAsserationExample">
        <test-method is-config="true" signature="setUp()[pri:0, instance:com.ERP.QA.TESTCASES.softAsserationExample@79924b]" started-at="2023-02-17T14:38:24 IST" name="setUp" finished-at="2023-02-17T14:38:29 IST" duration-ms="5300" status="PASS">
          <reporter-output>
          </reporter-output>
        </test-method> <!-- setUp -->
        <test-method signature="testExample()[pri:0, instance:com.ERP.QA.TESTCASES.softAsserationExample@79924b]" started-at="2023-02-17T14:38:29 IST" name="testExample" finished-at="2023-02-17T14:38:31 IST" duration-ms="1537" status="PASS">
          <reporter-output>
          </reporter-output>
        </test-method> <!-- testExample -->
        <test-method is-config="true" signature="tearDown()[pri:0, instance:com.ERP.QA.TESTCASES.softAsserationExample@79924b]" started-at="2023-02-17T14:38:31 IST" name="tearDown" finished-at="2023-02-17T14:38:31 IST" duration-ms="278" status="PASS">
          <reporter-output>
          </reporter-output>
        </test-method> <!-- tearDown -->
      </class> <!-- com.ERP.QA.TESTCASES.softAsserationExample -->
    </test> <!-- Default test -->
  </suite> <!-- Default suite -->
</testng-results>
